<?xml version="1.0" encoding="UTF-8"?>
<!-- Generated by org.testng.reporters.JUnitXMLReporter -->
<testsuite hostname="DESKTOP-U9QO90T" ignored="0" name="Application Test Cases" tests="19" failures="0" timestamp="2019-11-18T21:49:30 IST" time="348.659" errors="0">
  <testcase name="loginPageTitleTest" time="0.051" classname="com.psc.testcases.T_1_LoginPageTest"/>
  <testcase name="crmLogoImageTest" time="0.086" classname="com.psc.testcases.T_1_LoginPageTest"/>
  <testcase name="loginTest" time="0.795" classname="com.psc.testcases.T_1_LoginPageTest"/>
  <testcase name="validatDashBoardTest" time="8.172" classname="com.psc.testcases.T_2_HomePageTest"/>
  <testcase name="ValidatHomePageTitleTest" time="0.036" classname="com.psc.testcases.T_2_HomePageTest"/>
  <testcase name="ValidatProductsTest" time="5.905" classname="com.psc.testcases.T_2_HomePageTest"/>
  <testcase name="ValidatProductCategoriesTest" time="5.96" classname="com.psc.testcases.T_2_HomePageTest"/>
  <testcase name="ValidatMonitoringTest" time="5.455" classname="com.psc.testcases.T_2_HomePageTest"/>
  <testcase name="ValidatProductAttributesTest" time="5.324" classname="com.psc.testcases.T_2_HomePageTest"/>
  <testcase name="ValidatProductFeaturesTest" time="5.6" classname="com.psc.testcases.T_2_HomePageTest"/>
  <testcase name="ValidatManufacturersTest" time="4.897" classname="com.psc.testcases.T_2_HomePageTest"/>
  <testcase name="VerifyHomePageCustomer" time="0.032" classname="com.psc.testcases.T_3_CustomerPageTest"/>
  <testcase name="ValidatCustomerTest" time="5.465" classname="com.psc.testcases.T_3_CustomerPageTest"/>
  <testcase name="ValidatAddressesTest" time="5.082" classname="com.psc.testcases.T_3_CustomerPageTest"/>
  <testcase name="ValidatGroupsTest" time="8.411" classname="com.psc.testcases.T_3_CustomerPageTest"/>
  <testcase name="ValidatShippingCartsTest" time="6.88" classname="com.psc.testcases.T_3_CustomerPageTest"/>
  <testcase name="ValidatCustomerServicesTest" time="4.483" classname="com.psc.testcases.T_3_CustomerPageTest"/>
  <testcase name="ValidatContactsTest" time="5.606" classname="com.psc.testcases.T_3_CustomerPageTest"/>
  <testcase name="validatTittlesTest" time="4.796" classname="com.psc.testcases.T_3_CustomerPageTest"/>
</testsuite> <!-- Application Test Cases -->
