<?xml version="1.0" encoding="UTF-8"?>
<!-- Generated by org.testng.reporters.JUnitXMLReporter -->
<testsuite hostname="DESKTOP-U9QO90T" ignored="0" name="Default test" tests="4" failures="0" timestamp="2019-11-22T20:49:24 IST" time="1354.468" errors="0">
  <testcase name="ValidatProductsTest" time="65.151" classname="com.psc.testcases.T_2_HomePageTest"/>
  <testcase name="ValidatProductsTest" time="82.792" classname="com.psc.testcases.T_2_HomePageTest"/>
  <testcase name="ValidatProductsTest" time="90.88" classname="com.psc.testcases.T_2_HomePageTest"/>
  <testcase name="ValidatProductsTest" time="35.034" classname="com.psc.testcases.T_2_HomePageTest"/>
</testsuite> <!-- Default test -->
