<?xml version="1.0" encoding="UTF-8"?>
<!-- Generated by org.testng.reporters.JUnitXMLReporter -->
<testsuite hostname="DESKTOP-U9QO90T" ignored="0" name="Test" tests="5" failures="0" timestamp="2019-11-23T19:25:24 IST" time="119.014" errors="0">
  <testcase name="loginTest" time="0.724" classname="com.psc.testcases.T_1_LoginPageTest"/>
  <testcase name="ValidatProductsTest" time="14.337" classname="com.psc.testcases.T_2_HomePageTest"/>
  <testcase name="ValidatProductsTest" time="9.59" classname="com.psc.testcases.T_2_HomePageTest"/>
  <testcase name="ValidatProductsTest" time="11.725" classname="com.psc.testcases.T_2_HomePageTest"/>
  <testcase name="ValidatProductsTest" time="9.496" classname="com.psc.testcases.T_2_HomePageTest"/>
</testsuite> <!-- Test -->
