<?xml version="1.0" encoding="UTF-8"?>
<!-- Generated by org.testng.reporters.JUnitXMLReporter -->
<testsuite hostname="DESKTOP-U9QO90T" ignored="0" name="Test" tests="11" failures="0" timestamp="2019-12-04T20:25:45 IST" time="197.229" errors="0">
  <testcase name="loginTest" time="0.666" classname="com.psc.testcases.T_1_LoginPageTest"/>
  <testcase name="validatDashBoardTest" time="8.734" classname="com.psc.testcases.T_2_HomePageTest"/>
  <testcase name="ValidatHomePageTitleTest" time="0.044" classname="com.psc.testcases.T_2_HomePageTest"/>
  <testcase name="P_3_CustomerPage" time="0.001" classname="com.psc.testcases.T_2_HomePageTest"/>
  <testcase name="ValidatHomePageCustomerTitle" time="0.011" classname="com.psc.testcases.T_3_CustomerPageTest"/>
  <testcase name="ValidatCustomerTest" time="8.284" classname="com.psc.testcases.T_3_CustomerPageTest"/>
  <testcase name="ValidatCustomerTest" time="9.139" classname="com.psc.testcases.T_3_CustomerPageTest"/>
  <testcase name="ValidatCustomerTest" time="7.944" classname="com.psc.testcases.T_3_CustomerPageTest"/>
  <testcase name="ValidatAddressesTest" time="7.309" classname="com.psc.testcases.T_3_CustomerPageTest"/>
  <testcase name="validatTittlesTest" time="4.502" classname="com.psc.testcases.T_3_CustomerPageTest"/>
  <testcase name="P_4__OrdersPage" time="0.0" classname="com.psc.testcases.T_3_CustomerPageTest"/>
</testsuite> <!-- Test -->
