<?xml version="1.0" encoding="UTF-8"?>
<!-- Generated by org.testng.reporters.JUnitXMLReporter -->
<testsuite hostname="DESKTOP-U9QO90T" ignored="0" name="App Test Cases" tests="32" failures="0" timestamp="2019-11-17T20:14:17 IST" time="689.966" errors="0">
  <testcase name="ValidatModulesServicesTest" time="11.162" classname="com.psc.testcases.T_5_PaymentShippingTest$T_4_OrdersPageTest"/>
  <testcase name="ValidatModules_ThemesCatalogTest" time="10.036" classname="com.psc.testcases.T_5_PaymentShippingTest$T_4_OrdersPageTest"/>
  <testcase name="loginPageTitleTest" time="0.035" classname="com.psc.testcases.T_1_LoginPageTest"/>
  <testcase name="ValidatPositionsTest" time="7.735" classname="com.psc.testcases.T_5_PaymentShippingTest$T_4_OrdersPageTest"/>
  <testcase name="crmLogoImageTest" time="0.067" classname="com.psc.testcases.T_1_LoginPageTest"/>
  <testcase name="ValidatPaymentTest" time="6.464" classname="com.psc.testcases.T_5_PaymentShippingTest$T_4_OrdersPageTest"/>
  <testcase name="loginTest" time="0.655" classname="com.psc.testcases.T_1_LoginPageTest"/>
  <testcase name="validatDashBoardTest" time="6.94" classname="com.psc.testcases.T_2_HomePageTest"/>
  <testcase name="ValidatHomeHomePageTitleTest" time="0.019" classname="com.psc.testcases.T_2_HomePageTest"/>
  <testcase name="ValidatProducts" time="5.875" classname="com.psc.testcases.T_2_HomePageTest"/>
  <testcase name="ValidatProductCategories" time="8.225" classname="com.psc.testcases.T_2_HomePageTest"/>
  <testcase name="ValidatAdminCarriersTest" time="5.85" classname="com.psc.testcases.T_5_PaymentShippingTest$T_4_OrdersPageTest"/>
  <testcase name="ValidatMonitoring" time="12.531" classname="com.psc.testcases.T_2_HomePageTest"/>
  <testcase name="ValidatPreferencesTest" time="5.4" classname="com.psc.testcases.T_5_PaymentShippingTest$T_4_OrdersPageTest"/>
  <testcase name="ValidatProductAttributesTest" time="5.21" classname="com.psc.testcases.T_2_HomePageTest"/>
  <testcase name="ValidatProductFeaturesTest" time="5.526" classname="com.psc.testcases.T_2_HomePageTest"/>
  <testcase name="ValidatManufacturersTest" time="6.896" classname="com.psc.testcases.T_2_HomePageTest"/>
  <testcase name="VerifyHomePageCustomer" time="0.019" classname="com.psc.testcases.T_3_CustomerPageTest"/>
  <testcase name="ValidatCustomerTest" time="5.154" classname="com.psc.testcases.T_3_CustomerPageTest"/>
  <testcase name="ValidatAddressesTest" time="6.211" classname="com.psc.testcases.T_3_CustomerPageTest"/>
  <testcase name="ValidatGroupsTest" time="7.236" classname="com.psc.testcases.T_3_CustomerPageTest"/>
  <testcase name="ValidatShippingCartsTest" time="10.215" classname="com.psc.testcases.T_3_CustomerPageTest"/>
  <testcase name="ValidatCustomerServicesTest" time="6.742" classname="com.psc.testcases.T_3_CustomerPageTest"/>
  <testcase name="ValidatContactsTest" time="6.456" classname="com.psc.testcases.T_3_CustomerPageTest"/>
  <testcase name="validatTittlesTest" time="5.955" classname="com.psc.testcases.T_3_CustomerPageTest"/>
  <testcase name="ValidatOrdersTest" time="5.791" classname="com.psc.testcases.T_4_OrdersPageTest"/>
  <testcase name="ValidatInvoicesTest" time="7.677" classname="com.psc.testcases.T_4_OrdersPageTest"/>
  <testcase name="ValidatMerchandiseReturnsTest" time="6.15" classname="com.psc.testcases.T_4_OrdersPageTest"/>
  <testcase name="ValidatDeliverySlipsTest" time="5.556" classname="com.psc.testcases.T_4_OrdersPageTest"/>
  <testcase name="ValidatCreditSlipsTest" time="6.001" classname="com.psc.testcases.T_4_OrdersPageTest"/>
  <testcase name="ValidatStatusesTest" time="5.84" classname="com.psc.testcases.T_4_OrdersPageTest"/>
  <testcase name="ValidatOrderMessagesTest" time="7.227" classname="com.psc.testcases.T_4_OrdersPageTest"/>
</testsuite> <!-- App Test Cases -->
