<?xml version="1.0" encoding="UTF-8"?>
<!-- Generated by org.testng.reporters.JUnitXMLReporter -->
<testsuite hostname="DESKTOP-U9QO90T" ignored="0" name="Application Test Cases" tests="32" failures="0" timestamp="2019-11-18T20:57:47 IST" time="686.953" errors="0">
  <testcase name="ValidatModulesServicesTest" time="6.928" classname="com.psc.testcases.T_5_PaymentShippingTest$T_4_OrdersPageTest"/>
  <testcase name="ValidatModules_ThemesCatalogTest" time="9.771" classname="com.psc.testcases.T_5_PaymentShippingTest$T_4_OrdersPageTest"/>
  <testcase name="loginPageTitleTest" time="0.099" classname="com.psc.testcases.T_1_LoginPageTest"/>
  <testcase name="ValidatPositionsTest" time="7.997" classname="com.psc.testcases.T_5_PaymentShippingTest$T_4_OrdersPageTest"/>
  <testcase name="crmLogoImageTest" time="0.146" classname="com.psc.testcases.T_1_LoginPageTest"/>
  <testcase name="ValidatPaymentTest" time="5.63" classname="com.psc.testcases.T_5_PaymentShippingTest$T_4_OrdersPageTest"/>
  <testcase name="loginTest" time="0.869" classname="com.psc.testcases.T_1_LoginPageTest"/>
  <testcase name="validatDashBoardTest" time="7.365" classname="com.psc.testcases.T_2_HomePageTest"/>
  <testcase name="ValidatHomeHomePageTitleTest" time="0.04" classname="com.psc.testcases.T_2_HomePageTest"/>
  <testcase name="ValidatProducts" time="7.125" classname="com.psc.testcases.T_2_HomePageTest"/>
  <testcase name="ValidatProductCategories" time="5.622" classname="com.psc.testcases.T_2_HomePageTest"/>
  <testcase name="ValidatAdminCarriersTest" time="5.713" classname="com.psc.testcases.T_5_PaymentShippingTest$T_4_OrdersPageTest"/>
  <testcase name="ValidatMonitoring" time="6.567" classname="com.psc.testcases.T_2_HomePageTest"/>
  <testcase name="ValidatPreferencesTest" time="5.888" classname="com.psc.testcases.T_5_PaymentShippingTest$T_4_OrdersPageTest"/>
  <testcase name="ValidatProductAttributesTest" time="5.069" classname="com.psc.testcases.T_2_HomePageTest"/>
  <testcase name="ValidatProductFeaturesTest" time="5.169" classname="com.psc.testcases.T_2_HomePageTest"/>
  <testcase name="ValidatManufacturersTest" time="5.022" classname="com.psc.testcases.T_2_HomePageTest"/>
  <testcase name="VerifyHomePageCustomer" time="0.123" classname="com.psc.testcases.T_3_CustomerPageTest"/>
  <testcase name="ValidatCustomerTest" time="5.87" classname="com.psc.testcases.T_3_CustomerPageTest"/>
  <testcase name="ValidatAddressesTest" time="5.379" classname="com.psc.testcases.T_3_CustomerPageTest"/>
  <testcase name="ValidatGroupsTest" time="6.213" classname="com.psc.testcases.T_3_CustomerPageTest"/>
  <testcase name="ValidatShippingCartsTest" time="5.22" classname="com.psc.testcases.T_3_CustomerPageTest"/>
  <testcase name="ValidatCustomerServicesTest" time="6.915" classname="com.psc.testcases.T_3_CustomerPageTest"/>
  <testcase name="ValidatContactsTest" time="5.414" classname="com.psc.testcases.T_3_CustomerPageTest"/>
  <testcase name="validatTittlesTest" time="5.251" classname="com.psc.testcases.T_3_CustomerPageTest"/>
  <testcase name="ValidatOrdersTest" time="7.212" classname="com.psc.testcases.T_4_OrdersPageTest"/>
  <testcase name="ValidatInvoicesTest" time="5.7" classname="com.psc.testcases.T_4_OrdersPageTest"/>
  <testcase name="ValidatMerchandiseReturnsTest" time="7.008" classname="com.psc.testcases.T_4_OrdersPageTest"/>
  <testcase name="ValidatDeliverySlipsTest" time="6.094" classname="com.psc.testcases.T_4_OrdersPageTest"/>
  <testcase name="ValidatCreditSlipsTest" time="5.165" classname="com.psc.testcases.T_4_OrdersPageTest"/>
  <testcase name="ValidatStatusesTest" time="6.793" classname="com.psc.testcases.T_4_OrdersPageTest"/>
  <testcase name="ValidatOrderMessagesTest" time="8.606" classname="com.psc.testcases.T_4_OrdersPageTest"/>
</testsuite> <!-- Application Test Cases -->
